20:21:18.472  INFO  manager.Configuration - Device name is Nex
20:21:18.476  INFO  manager.Configuration - Platform : 'Android' & Version : '8.0'
20:21:18.478  INFO  manager.Configuration - App version is 0.0.3
20:22:01.024  INFO  manager.MyListener - 'Before find' by --->By.xpath: //*[@resource-id='com.example.svetlana.scheduler:id/log_email_input']
20:22:08.915  INFO  manager.MyListener - 'After find' by --->By.xpath: //*[@resource-id='com.example.svetlana.scheduler:id/log_email_input']
20:22:08.916  INFO  manager.MyListener - You have a problem --->
20:22:08.917  INFO  manager.MyListener - org.openqa.selenium.NoSuchElementException: An element could not be located on the page using the given search parameters.
For documentation on this error, please visit: https://www.seleniumhq.org/exceptions/no_such_element.html
Build info: version: '3.141.59', revision: 'e82be7d358', time: '2018-11-14T08:17:03'
System info: host: 'MacBook-Pro-Taya.local', ip: 'fe80:0:0:0:145f:668e:840d:8e19%en0', os.name: 'Mac OS X', os.arch: 'x86_64', os.version: '10.16', java.version: '1.8.0_151'
Driver info: io.appium.java_client.AppiumDriver
Capabilities {app: /Users/tayahatum/Tools/apk/..., appActivity: .presentation.splashScreen...., appPackage: com.example.svetlana.scheduler, automationName: Appium, databaseEnabled: false, desired: {app: /Users/tayahatum/Tools/apk/..., appActivity: .presentation.splashScreen...., appPackage: com.example.svetlana.scheduler, automationName: Appium, deviceName: Nex, platformName: android, platformVersion: 8.0}, deviceApiLevel: 26, deviceManufacturer: Google, deviceModel: Android SDK built for x86, deviceName: emulator-5554, deviceScreenDensity: 480, deviceScreenSize: 1080x1920, deviceUDID: emulator-5554, javascriptEnabled: true, locationContextEnabled: false, networkConnectionEnabled: true, pixelRatio: 3, platform: LINUX, platformName: Android, platformVersion: 8.0.0, statBarHeight: 72, takesScreenshot: true, viewportRect: {height: 1704, left: 0, top: 72, width: 1080}, warnings: {}, webStorageEnabled: false}
Session ID: 4bcb2d9a-41ff-4ab0-a5a6-b2b5272635c1
*** Element info: {Using=xpath, value=//*[@resource-id='com.example.svetlana.scheduler:id/log_email_input']}
20:22:08.917  INFO  manager.MyListener - Screen with throwable  ---> src/test/screenshots/screenshot-1328.png
20:22:15.675  INFO  manager.MyListener - 'Before find' by --->By.xpath: //*[@resource-id='com.example.svetlana.scheduler:id/log_email_input']
20:22:16.021  INFO  manager.MyListener - 'After find' by --->By.xpath: //*[@resource-id='com.example.svetlana.scheduler:id/log_email_input']
20:22:16.528  INFO  manager.MyListener - 'Before find' by --->By.xpath: //*[@resource-id='com.example.svetlana.scheduler:id/log_email_input']
20:22:16.870  INFO  manager.MyListener - 'After find' by --->By.xpath: //*[@resource-id='com.example.svetlana.scheduler:id/log_email_input']
20:22:17.972  INFO  manager.MyListener - 'Before find' by --->By.xpath: //*[@resource-id='com.example.svetlana.scheduler:id/log_email_input']
20:22:18.723  INFO  manager.MyListener - 'After find' by --->By.xpath: //*[@resource-id='com.example.svetlana.scheduler:id/log_email_input']
20:22:18.972  INFO  manager.MyListener - 'Before find' by --->By.xpath: //*[@resource-id='com.example.svetlana.scheduler:id/log_email_input']
20:22:19.723  INFO  manager.MyListener - 'After find' by --->By.xpath: //*[@resource-id='com.example.svetlana.scheduler:id/log_email_input']
20:22:21.175  INFO  manager.MyListener - 'Before find' by --->By.xpath: //*[@resource-id='com.example.svetlana.scheduler:id/log_password_input']
20:22:21.821  INFO  manager.MyListener - 'After find' by --->By.xpath: //*[@resource-id='com.example.svetlana.scheduler:id/log_password_input']
20:22:22.221  INFO  manager.MyListener - 'Before find' by --->By.xpath: //*[@resource-id='com.example.svetlana.scheduler:id/log_password_input']
20:22:23.470  INFO  manager.MyListener - 'After find' by --->By.xpath: //*[@resource-id='com.example.svetlana.scheduler:id/log_password_input']
20:22:23.824  INFO  manager.MyListener - 'Before find' by --->By.xpath: //*[@resource-id='com.example.svetlana.scheduler:id/log_password_input']
20:22:24.376  INFO  manager.MyListener - 'After find' by --->By.xpath: //*[@resource-id='com.example.svetlana.scheduler:id/log_password_input']
20:22:26.424  INFO  manager.MyListener - 'Before find' by --->By.xpath: //*[@resource-id='com.example.svetlana.scheduler:id/login_btn']
20:22:26.926  INFO  manager.MyListener - 'After find' by --->By.xpath: //*[@resource-id='com.example.svetlana.scheduler:id/login_btn']
20:22:27.228  INFO  manager.MyListener - 'Before find' by --->By.xpath: //*[@resource-id='com.example.svetlana.scheduler:id/wizard_settings_skip']
20:22:28.875  INFO  manager.MyListener - 'After find' by --->By.xpath: //*[@resource-id='com.example.svetlana.scheduler:id/wizard_settings_skip']
20:22:28.876  INFO  manager.MyListener - You have a problem --->
20:22:28.876  INFO  manager.MyListener - org.openqa.selenium.NoSuchElementException: An element could not be located on the page using the given search parameters.
For documentation on this error, please visit: https://www.seleniumhq.org/exceptions/no_such_element.html
Build info: version: '3.141.59', revision: 'e82be7d358', time: '2018-11-14T08:17:03'
System info: host: 'MacBook-Pro-Taya.local', ip: 'fe80:0:0:0:145f:668e:840d:8e19%en0', os.name: 'Mac OS X', os.arch: 'x86_64', os.version: '10.16', java.version: '1.8.0_151'
Driver info: io.appium.java_client.AppiumDriver
Capabilities {app: /Users/tayahatum/Tools/apk/..., appActivity: .presentation.splashScreen...., appPackage: com.example.svetlana.scheduler, automationName: Appium, databaseEnabled: false, desired: {app: /Users/tayahatum/Tools/apk/..., appActivity: .presentation.splashScreen...., appPackage: com.example.svetlana.scheduler, automationName: Appium, deviceName: Nex, platformName: android, platformVersion: 8.0}, deviceApiLevel: 26, deviceManufacturer: Google, deviceModel: Android SDK built for x86, deviceName: emulator-5554, deviceScreenDensity: 480, deviceScreenSize: 1080x1920, deviceUDID: emulator-5554, javascriptEnabled: true, locationContextEnabled: false, networkConnectionEnabled: true, pixelRatio: 3, platform: LINUX, platformName: Android, platformVersion: 8.0.0, statBarHeight: 72, takesScreenshot: true, viewportRect: {height: 1704, left: 0, top: 72, width: 1080}, warnings: {}, webStorageEnabled: false}
Session ID: 4bcb2d9a-41ff-4ab0-a5a6-b2b5272635c1
*** Element info: {Using=xpath, value=//*[@resource-id='com.example.svetlana.scheduler:id/wizard_settings_skip']}
20:22:28.877  INFO  manager.MyListener - Screen with throwable  ---> src/test/screenshots/screenshot-1348.png
20:22:34.973  INFO  manager.MyListener - 'Before find' by --->By.xpath: //*[@resource-id='com.example.svetlana.scheduler:id/wizard_settings_skip']
20:22:41.984  INFO  manager.MyListener - 'After find' by --->By.xpath: //*[@resource-id='com.example.svetlana.scheduler:id/wizard_settings_skip']
20:22:41.984  INFO  manager.MyListener - You have a problem --->
20:22:41.984  INFO  manager.MyListener - org.openqa.selenium.NoSuchElementException: An element could not be located on the page using the given search parameters.
For documentation on this error, please visit: https://www.seleniumhq.org/exceptions/no_such_element.html
Build info: version: '3.141.59', revision: 'e82be7d358', time: '2018-11-14T08:17:03'
System info: host: 'MacBook-Pro-Taya.local', ip: 'fe80:0:0:0:145f:668e:840d:8e19%en0', os.name: 'Mac OS X', os.arch: 'x86_64', os.version: '10.16', java.version: '1.8.0_151'
Driver info: io.appium.java_client.AppiumDriver
Capabilities {app: /Users/tayahatum/Tools/apk/..., appActivity: .presentation.splashScreen...., appPackage: com.example.svetlana.scheduler, automationName: Appium, databaseEnabled: false, desired: {app: /Users/tayahatum/Tools/apk/..., appActivity: .presentation.splashScreen...., appPackage: com.example.svetlana.scheduler, automationName: Appium, deviceName: Nex, platformName: android, platformVersion: 8.0}, deviceApiLevel: 26, deviceManufacturer: Google, deviceModel: Android SDK built for x86, deviceName: emulator-5554, deviceScreenDensity: 480, deviceScreenSize: 1080x1920, deviceUDID: emulator-5554, javascriptEnabled: true, locationContextEnabled: false, networkConnectionEnabled: true, pixelRatio: 3, platform: LINUX, platformName: Android, platformVersion: 8.0.0, statBarHeight: 72, takesScreenshot: true, viewportRect: {height: 1704, left: 0, top: 72, width: 1080}, warnings: {}, webStorageEnabled: false}
Session ID: 4bcb2d9a-41ff-4ab0-a5a6-b2b5272635c1
*** Element info: {Using=xpath, value=//*[@resource-id='com.example.svetlana.scheduler:id/wizard_settings_skip']}
20:22:41.985  INFO  manager.MyListener - Screen with throwable  ---> src/test/screenshots/screenshot-1361.png
20:22:43.073  INFO  manager.MyListener - 'Before find' by --->By.xpath: //*[@resource-id='com.example.svetlana.scheduler:id/fab_main']
20:22:47.227  INFO  manager.MyListener - 'After find' by --->By.xpath: //*[@resource-id='com.example.svetlana.scheduler:id/fab_main']
20:22:48.173  INFO  manager.MyListener - 'Before find' by --->By.xpath: //*[@resource-id='com.example.svetlana.scheduler:id/fab_add_event']
20:22:51.227  INFO  manager.MyListener - 'After find' by --->By.xpath: //*[@resource-id='com.example.svetlana.scheduler:id/fab_add_event']
20:22:54.892  INFO  screens.BaseScreen - The window Height --->1776
20:22:54.893  INFO  screens.BaseScreen - The window Wight --->1080
20:22:54.928  INFO  manager.MyListener - 'Before find' by --->By.xpath: //*[@resource-id='com.example.svetlana.scheduler:id/row_day_number_txt']
20:22:55.981  INFO  manager.MyListener - 'After find' by --->By.xpath: //*[@resource-id='com.example.svetlana.scheduler:id/row_day_number_txt']
20:22:57.025  INFO  screens.BaseScreen - The first element  'x' ---> 140
20:22:57.026  INFO  screens.BaseScreen - The first element  'y' ---> 288
20:22:57.077  INFO  manager.MyListener - 'Before find' by --->By.xpath: //*[@resource-id='com.example.svetlana.scheduler:id/row_day_number_txt']
20:22:58.425  INFO  manager.MyListener - 'After find' by --->By.xpath: //*[@resource-id='com.example.svetlana.scheduler:id/row_day_number_txt']
20:22:59.169  INFO  screens.BaseScreen - The last element  'x' ---> 768
20:22:59.172  INFO  screens.BaseScreen - The last element  'y' ---> 288
20:22:59.534  INFO  manager.MyListener - 'Before find' by --->By.xpath: //*[@resource-id='com.example.svetlana.scheduler:id/info_title_input']
20:23:00.819  INFO  manager.MyListener - 'After find' by --->By.xpath: //*[@resource-id='com.example.svetlana.scheduler:id/info_title_input']
20:23:01.425  INFO  manager.MyListener - 'Before find' by --->By.xpath: //*[@resource-id='com.example.svetlana.scheduler:id/info_title_input']
20:23:02.822  INFO  manager.MyListener - 'After find' by --->By.xpath: //*[@resource-id='com.example.svetlana.scheduler:id/info_title_input']
20:23:03.876  INFO  manager.MyListener - 'Before find' by --->By.xpath: //*[@resource-id='com.example.svetlana.scheduler:id/info_title_input']
20:23:05.669  INFO  manager.MyListener - 'After find' by --->By.xpath: //*[@resource-id='com.example.svetlana.scheduler:id/info_title_input']
20:23:06.269  INFO  manager.MyListener - 'Before find' by --->By.xpath: //*[@resource-id='com.example.svetlana.scheduler:id/info_title_input']
20:23:07.175  INFO  manager.MyListener - 'After find' by --->By.xpath: //*[@resource-id='com.example.svetlana.scheduler:id/info_title_input']
20:23:08.175  INFO  manager.MyListener - 'Before find' by --->By.xpath: //*[@resource-id='com.example.svetlana.scheduler:id/info_type_input']
20:23:09.422  INFO  manager.MyListener - 'After find' by --->By.xpath: //*[@resource-id='com.example.svetlana.scheduler:id/info_type_input']
20:23:10.169  INFO  manager.MyListener - 'Before find' by --->By.xpath: //*[@resource-id='com.example.svetlana.scheduler:id/info_type_input']
20:23:11.374  INFO  manager.MyListener - 'After find' by --->By.xpath: //*[@resource-id='com.example.svetlana.scheduler:id/info_type_input']
20:23:12.330  INFO  manager.MyListener - 'Before find' by --->By.xpath: //*[@resource-id='com.example.svetlana.scheduler:id/info_type_input']
20:23:12.827  INFO  manager.MyListener - 'After find' by --->By.xpath: //*[@resource-id='com.example.svetlana.scheduler:id/info_type_input']
20:23:15.483  INFO  manager.MyListener - 'Before find' by --->By.xpath: //*[@resource-id='com.example.svetlana.scheduler:id/info_break_plus_btn']
20:23:17.629  INFO  manager.MyListener - 'After find' by --->By.xpath: //*[@resource-id='com.example.svetlana.scheduler:id/info_break_plus_btn']
20:23:17.927  INFO  manager.MyListener - 'Before find' by --->By.xpath: //*[@resource-id='com.example.svetlana.scheduler:id/info_break_plus_btn']
20:23:18.924  INFO  manager.MyListener - 'After find' by --->By.xpath: //*[@resource-id='com.example.svetlana.scheduler:id/info_break_plus_btn']
20:23:19.322  INFO  manager.MyListener - 'Before find' by --->By.xpath: //*[@resource-id='com.example.svetlana.scheduler:id/info_wage_edit']
20:23:20.321  INFO  manager.MyListener - 'After find' by --->By.xpath: //*[@resource-id='com.example.svetlana.scheduler:id/info_wage_edit']
20:23:20.670  INFO  manager.MyListener - 'Before find' by --->By.xpath: //*[@resource-id='com.example.svetlana.scheduler:id/info_wage_input']
20:23:21.773  INFO  manager.MyListener - 'After find' by --->By.xpath: //*[@resource-id='com.example.svetlana.scheduler:id/info_wage_input']
20:23:21.884  INFO  manager.MyListener - 'Before find' by --->By.xpath: //*[@resource-id='com.example.svetlana.scheduler:id/info_wage_input']
20:23:23.619  INFO  manager.MyListener - 'After find' by --->By.xpath: //*[@resource-id='com.example.svetlana.scheduler:id/info_wage_input']
20:23:23.835  INFO  manager.MyListener - 'Before find' by --->By.xpath: //*[@resource-id='com.example.svetlana.scheduler:id/info_wage_input']
20:23:24.422  INFO  manager.MyListener - 'After find' by --->By.xpath: //*[@resource-id='com.example.svetlana.scheduler:id/info_wage_input']
20:23:24.722  INFO  manager.MyListener - 'Before find' by --->By.xpath: //*[@resource-id='com.example.svetlana.scheduler:id/info_wage_save']
20:23:25.274  INFO  manager.MyListener - 'After find' by --->By.xpath: //*[@resource-id='com.example.svetlana.scheduler:id/info_wage_save']
20:23:25.534  INFO  manager.MyListener - 'Before find' by --->By.xpath: //*[@resource-id='com.example.svetlana.scheduler:id/info_save_btn']
20:23:29.029  INFO  manager.MyListener - 'After find' by --->By.xpath: //*[@resource-id='com.example.svetlana.scheduler:id/info_save_btn']
20:23:29.375  INFO  manager.MyListener - 'Before find' by --->By.xpath: //*[@resource-id='com.example.svetlana.scheduler:id/fab_main']
20:23:35.870  INFO  manager.MyListener - 'After find' by --->By.xpath: //*[@resource-id='com.example.svetlana.scheduler:id/fab_main']
20:23:36.073  INFO  manager.MyListener - 'Before find' by --->By.xpath: //*[@resource-id='com.example.svetlana.scheduler:id/fab_main']
20:23:39.370  INFO  manager.MyListener - 'After find' by --->By.xpath: //*[@resource-id='com.example.svetlana.scheduler:id/fab_main']
